This is pdfTeX, Version 3.141592653-2.6-1.40.26 (TeX Live 2024) (preloaded format=pdflatex 2024.12.24)  13 JAN 2026 15:57
entering extended mode
 restricted \write18 enabled.
 file:line:error style messages enabled.
 %&-line parsing enabled.
**/Users/brdlcu/Documents/Github/turbo-octo-waffle/docs/paper_implementation_methods.tex
(/Users/brdlcu/Documents/Github/turbo-octo-waffle/docs/paper_implementation_methods.tex
LaTeX2e <2023-11-01> patch level 1
L3 programming layer <2024-02-20>
(/usr/local/texlive/2024/texmf-dist/tex/latex/base/article.cls
Document Class: article 2023/05/17 v1.4n Standard LaTeX document class
(/usr/local/texlive/2024/texmf-dist/tex/latex/base/size10.clo
File: size10.clo 2023/05/17 v1.4n Standard LaTeX file (size option)
)
\c@part=\count188
\c@section=\count189
\c@subsection=\count190
\c@subsubsection=\count191
\c@paragraph=\count192
\c@subparagraph=\count193
\c@figure=\count194
\c@table=\count195
\abovecaptionskip=\skip48
\belowcaptionskip=\skip49
\bibindent=\dimen140
) (/usr/local/texlive/2024/texmf-dist/tex/latex/amsmath/amsmath.sty
Package: amsmath 2023/05/13 v2.17o AMS math features
\@mathmargin=\skip50

For additional information on amsmath, use the `?' option.
(/usr/local/texlive/2024/texmf-dist/tex/latex/amsmath/amstext.sty
Package: amstext 2021/08/26 v2.01 AMS text
 (/usr/local/texlive/2024/texmf-dist/tex/latex/amsmath/amsgen.sty
File: amsgen.sty 1999/11/30 v2.0 generic functions
\@emptytoks=\toks17
\ex@=\dimen141
)) (/usr/local/texlive/2024/texmf-dist/tex/latex/amsmath/amsbsy.sty
Package: amsbsy 1999/11/29 v1.2d Bold Symbols
\pmbraise@=\dimen142
) (/usr/local/texlive/2024/texmf-dist/tex/latex/amsmath/amsopn.sty
Package: amsopn 2022/04/08 v2.04 operator names
)
\inf@bad=\count196
LaTeX Info: Redefining \frac on input line 234.
\uproot@=\count197
\leftroot@=\count198
LaTeX Info: Redefining \overline on input line 399.
LaTeX Info: Redefining \colon on input line 410.
\classnum@=\count199
\DOTSCASE@=\count266
LaTeX Info: Redefining \ldots on input line 496.
LaTeX Info: Redefining \dots on input line 499.
LaTeX Info: Redefining \cdots on input line 620.
\Mathstrutbox@=\box51
\strutbox@=\box52
LaTeX Info: Redefining \big on input line 722.
LaTeX Info: Redefining \Big on input line 723.
LaTeX Info: Redefining \bigg on input line 724.
LaTeX Info: Redefining \Bigg on input line 725.
\big@size=\dimen143
LaTeX Font Info:    Redeclaring font encoding OML on input line 743.
LaTeX Font Info:    Redeclaring font encoding OMS on input line 744.
\macc@depth=\count267
LaTeX Info: Redefining \bmod on input line 905.
LaTeX Info: Redefining \pmod on input line 910.
LaTeX Info: Redefining \smash on input line 940.
LaTeX Info: Redefining \relbar on input line 970.
LaTeX Info: Redefining \Relbar on input line 971.
\c@MaxMatrixCols=\count268
\dotsspace@=\muskip16
\c@parentequation=\count269
\dspbrk@lvl=\count270
\tag@help=\toks18
\row@=\count271
\column@=\count272
\maxfields@=\count273
\andhelp@=\toks19
\eqnshift@=\dimen144
\alignsep@=\dimen145
\tagshift@=\dimen146
\tagwidth@=\dimen147
\totwidth@=\dimen148
\lineht@=\dimen149
\@envbody=\toks20
\multlinegap=\skip51
\multlinetaggap=\skip52
\mathdisplay@stack=\toks21
LaTeX Info: Redefining \[ on input line 2953.
LaTeX Info: Redefining \] on input line 2954.
) (/usr/local/texlive/2024/texmf-dist/tex/latex/amsfonts/amssymb.sty
Package: amssymb 2013/01/14 v3.01 AMS font symbols
 (/usr/local/texlive/2024/texmf-dist/tex/latex/amsfonts/amsfonts.sty
Package: amsfonts 2013/01/14 v3.01 Basic AMSFonts support
\symAMSa=\mathgroup4
\symAMSb=\mathgroup5
LaTeX Font Info:    Redeclaring math symbol \hbar on input line 98.
LaTeX Font Info:    Overwriting math alphabet `\mathfrak' in version `bold'
(Font)                  U/euf/m/n --> U/euf/b/n on input line 106.
)) (/usr/local/texlive/2024/texmf-dist/tex/latex/algorithms/algorithm.sty
Package: algorithm 2009/08/24 v0.1 Document Style `algorithm' - floating environment
 (/usr/local/texlive/2024/texmf-dist/tex/latex/float/float.sty
Package: float 2001/11/08 v1.3d Float enhancements (AL)
\c@float@type=\count274
\float@exts=\toks22
\float@box=\box53
\@float@everytoks=\toks23
\@floatcapt=\box54
) (/usr/local/texlive/2024/texmf-dist/tex/latex/base/ifthen.sty
Package: ifthen 2022/04/13 v1.1d Standard LaTeX ifthen package (DPC)
)
\@float@every@algorithm=\toks24
\c@algorithm=\count275
) (/usr/local/texlive/2024/texmf-dist/tex/latex/algorithms/algorithmic.sty
Package: algorithmic 2009/08/24 v0.1 Document Style `algorithmic'
 (/usr/local/texlive/2024/texmf-dist/tex/latex/graphics/keyval.sty
Package: keyval 2022/05/29 v1.15 key=value parser (DPC)
\KV@toks@=\toks25
)
\c@ALC@unique=\count276
\c@ALC@line=\count277
\c@ALC@rem=\count278
\c@ALC@depth=\count279
\ALC@tlm=\skip53
\algorithmicindent=\skip54
) (/usr/local/texlive/2024/texmf-dist/tex/latex/l3backend/l3backend-pdftex.def
File: l3backend-pdftex.def 2024-02-20 L3 backend support: PDF output (pdfTeX)
\l__color_backend_stack_int=\count280
\l__pdf_internal_box=\box55
) (./paper_implementation_methods.aux)
\openout1 = `paper_implementation_methods.aux'.

LaTeX Font Info:    Checking defaults for OML/cmm/m/it on input line 10.
LaTeX Font Info:    ... okay on input line 10.
LaTeX Font Info:    Checking defaults for OMS/cmsy/m/n on input line 10.
LaTeX Font Info:    ... okay on input line 10.
LaTeX Font Info:    Checking defaults for OT1/cmr/m/n on input line 10.
LaTeX Font Info:    ... okay on input line 10.
LaTeX Font Info:    Checking defaults for T1/cmr/m/n on input line 10.
LaTeX Font Info:    ... okay on input line 10.
LaTeX Font Info:    Checking defaults for TS1/cmr/m/n on input line 10.
LaTeX Font Info:    ... okay on input line 10.
LaTeX Font Info:    Checking defaults for OMX/cmex/m/n on input line 10.
LaTeX Font Info:    ... okay on input line 10.
LaTeX Font Info:    Checking defaults for U/cmr/m/n on input line 10.
LaTeX Font Info:    ... okay on input line 10.
LaTeX Font Info:    Trying to load font information for U+msa on input line 18.
 (/usr/local/texlive/2024/texmf-dist/tex/latex/amsfonts/umsa.fd
File: umsa.fd 2013/01/14 v3.01 AMS symbols A
)
LaTeX Font Info:    Trying to load font information for U+msb on input line 18.
 (/usr/local/texlive/2024/texmf-dist/tex/latex/amsfonts/umsb.fd
File: umsb.fd 2013/01/14 v3.01 AMS symbols B
)
Overfull \hbox (5.30531pt too wide) in paragraph at lines 25--26
[]\OT1/cmr/bx/n/10 Component Model Layer\OT1/cmr/m/n/10 : Im-ple-ments phys-i-cal com-po-nents with mixed-
 []


Overfull \hbox (3.55519pt too wide) in paragraph at lines 25--26
\OT1/cmr/m/n/10 integer lin-ear pro-gram-ming (MILP) for-mu-la-tions that cap-ture input-output
 []

[1

{/usr/local/texlive/2024/texmf-var/fonts/map/pdftex/updmap/pdftex.map}]
Overfull \hbox (58.66241pt too wide) in paragraph at lines 69--70
\OT1/cmr/m/n/10 Contract evo-lu-tion is mod-eled through a de-vi-a-tion struc-ture $\OML/cmm/m/it/10 ^^N \OT1/cmr/m/n/10 = (^^A\OML/cmm/m/it/10 A[]; \OT1/cmr/m/n/10 ^^A\OML/cmm/m/it/10 A[]; \OT1/cmr/m/n/10 ^^A\OML/cmm/m/it/10 G[]; \OT1/cmr/m/n/10 ^^A\OML/cmm/m/it/10 G[]\OT1/cmr/m/n/10 )$,
 []

[2{/usr/local/texlive/2024/texmf-dist/fonts/enc/dvips/cm-super/cm-super-ts1.enc}] [3] [4] [5]
Overfull \hbox (21.35103pt too wide) in paragraph at lines 224--225
[]\OT1/cmr/bx/n/10 System-Level Con-tract Check-ing: \OT1/cmr/m/n/10 A system-level con-tract $\OMS/cmsy/m/n/10 C[] \OT1/cmr/m/n/10 = (\OML/cmm/m/it/10 A[]; G[]\OT1/cmr/m/n/10 )$
 []

[6] [7] [8] [9] [10]
Overfull \hbox (12.10121pt too wide) in paragraph at lines 425--426
\OT1/cmr/m/n/10 strac-tions. The \OT1/cmtt/m/n/10 behavior.py \OT1/cmr/m/n/10 mod-ule de-fines the \OT1/cmtt/m/n/10 BehaviorSet \OT1/cmr/m/n/10 class with zonotope-
 []

[11]
Overfull \hbox (0.55872pt too wide) in paragraph at lines 427--428
\OT1/cmtt/m/n/10 zonotope[]union \OT1/cmr/m/n/10 (com-put-ing con-vex hull), \OT1/cmtt/m/n/10 zonotope[]intersection \OT1/cmr/m/n/10 (constraint-
 []


Overfull \hbox (50.37868pt too wide) in paragraph at lines 431--432
\OT1/cmr/m/n/10 faces be-tween com-po-nents. The \OT1/cmtt/m/n/10 evolution.py \OT1/cmr/m/n/10 mod-ule im-ple-ments the \OT1/cmtt/m/n/10 EvolutionOperator
 []


Overfull \hbox (26.4332pt too wide) in paragraph at lines 431--432
\OT1/cmr/m/n/10 and \OT1/cmtt/m/n/10 FixpointEngine\OT1/cmr/m/n/10 . The \OT1/cmtt/m/n/10 validation.py \OT1/cmr/m/n/10 mod-ule pro-vides \OT1/cmtt/m/n/10 WellFormednessChecker
 []

[12] [13]
Overfull \hbox (39.03874pt too wide) in paragraph at lines 479--480
[]\OT1/cmr/bx/n/10 Unit Tests \OT1/cmr/m/n/10 (\OT1/cmtt/m/n/10 tests/\OT1/cmr/m/n/10 ): In-cludes tests for be-hav-ior set op-er-a-tions (\OT1/cmtt/m/n/10 test[]behavior.py\OT1/cmr/m/n/10 ),
 []


Overfull \hbox (15.7516pt too wide) in paragraph at lines 479--480
\OT1/cmr/m/n/10 con-tract re-con-struc-tion se-man-tics (\OT1/cmtt/m/n/10 test[]reconstruction.py\OT1/cmr/m/n/10 ), and well-formedness
 []

[14]
Overfull \hbox (38.95282pt too wide) detected at line 521
[]
 []

[15]
Overfull \hbox (11.92166pt too wide) in paragraph at lines 537--538
[]\OT1/cmr/m/n/10 Motor: 1 as-sump-tion box, 1 guar-an-tee box (mag-ni-tude: $^^A\OML/cmm/m/it/10 A[]$\OT1/cmr/m/n/10 =8, $^^A\OML/cmm/m/it/10 G[]$\OT1/cmr/m/n/10 =13) 
 []

[16] [17]
Overfull \hbox (11.16743pt too wide) in paragraph at lines 594--609
 [] 
 []

[18]
Overfull \hbox (1.27852pt too wide) in paragraph at lines 620--621
\OT1/cmr/m/n/10 mod-el-ing of non-convex be-hav-ior sets while main-tain-ing com-pu-ta-tional tractabil-
 []


Overfull \hbox (3.50076pt too wide) in paragraph at lines 624--625
\OT1/cmr/m/n/10 iteration traces, con-ver-gence an-a-lyt-ics, and di-ag-nos-tic in-for-ma-tion (gap/violation
 []

[19] (./paper_implementation_methods.aux)
 ***********
LaTeX2e <2023-11-01> patch level 1
L3 programming layer <2024-02-20>
 ***********
 ) 
Here is how much of TeX's memory you used:
 2120 strings out of 474116
 31209 string characters out of 5743681
 1944187 words of memory out of 5000000
 24498 multiletter control sequences out of 15000+600000
 562408 words of font info for 53 fonts, out of 8000000 for 9000
 1141 hyphenation exceptions out of 8191
 56i,13n,65p,825b,504s stack positions out of 10000i,1000n,20000p,200000b,200000s
</usr/local/texlive/2024/texmf-dist/fonts/type1/public/amsfonts/cm/cmbx10.pfb></usr/local/texlive/2024/texmf-dist/fonts/type1/public/amsfonts/cm/cmbx12.pfb></usr/local/texlive/2024/texmf-dist/fonts/type1/public/amsfonts/cm/cmbx7.pfb></usr/local/texlive/2024/texmf-dist/fonts/type1/public/amsfonts/cm/cmex10.pfb></usr/local/texlive/2024/texmf-dist/fonts/type1/public/amsfonts/cm/cmmi10.pfb></usr/local/texlive/2024/texmf-dist/fonts/type1/public/amsfonts/cm/cmmi5.pfb></usr/local/texlive/2024/texmf-dist/fonts/type1/public/amsfonts/cm/cmmi7.pfb></usr/local/texlive/2024/texmf-dist/fonts/type1/public/amsfonts/cm/cmr10.pfb></usr/local/texlive/2024/texmf-dist/fonts/type1/public/amsfonts/cm/cmr5.pfb></usr/local/texlive/2024/texmf-dist/fonts/type1/public/amsfonts/cm/cmr7.pfb></usr/local/texlive/2024/texmf-dist/fonts/type1/public/amsfonts/cm/cmsy10.pfb></usr/local/texlive/2024/texmf-dist/fonts/type1/public/amsfonts/cm/cmsy7.pfb></usr/local/texlive/2024/texmf-dist/fonts/type1/public/amsfonts/cm/cmtt10.pfb></usr/local/texlive/2024/texmf-dist/fonts/type1/public/amsfonts/symbols/msbm10.pfb></usr/local/texlive/2024/texmf-dist/fonts/type1/public/cm-super/sfrm1000.pfb>
Output written on paper_implementation_methods.pdf (19 pages, 240719 bytes).
PDF statistics:
 142 PDF objects out of 1000 (max. 8388607)
 90 compressed objects within 1 object stream
 0 named destinations out of 1000 (max. 500000)
 1 words of extra memory for PDF output out of 10000 (max. 10000000)

